<?xml version="1.0" encoding="UTF-8"?>
<testsuite name="co.com.infotrack.smartwork.agendamiento.runners.RunnerTags" tests="0" skipped="0" failures="0" errors="0" timestamp="1970-01-01T00:00:00" hostname="LTBG60836" time="0.0">
  <properties/>
  <system-out><![CDATA[REGISTER BASE STEP LISTENER net.thucydides.core.steps.BaseStepListener@24bdb479
REGISTER BASE STEP LISTENER net.thucydides.core.steps.BaseStepListener@235f4c10
@CP001_Creacion_OrdenServicio
Característica: Proceso de agendamiento de servicios

  Esquema del escenario: Crear una orden de servicio desde el call center ?[90m# src/test/resources/features/01_Crear_OrdenServicio.feature:7?[0m
    ?[36mDado que en el call center se desea crear una orden de servicio con los siguientes datos?[0m
    ?[36mY se ingresan los siguientes datos del servicio?[0m
    ?[36mY se ingresan los siguientes datos del producto?[0m
    ?[36mCuando se crea la orden de servicio?[0m
    ?[36mEntonces se verifica que la orden de servicio se ha creado correctamente?[0m

    Ejemplos: 

  @CP001_Creacion_OrdenServicio
  Esquema del escenario: Crear una orden de servicio desde el call center                    ?[90m# src/test/resources/features/01_Crear_OrdenServicio.feature:23?[0m

1 Scenarios (?[32m1 passed?[0m)
5 Steps (?[32m5 passed?[0m)
1m16,745s

]]></system-out>
  <system-err><![CDATA[[Test worker] INFO net.thucydides.core.steps.ConsoleLoggingListener - 

-------------------------------------------------------------------------------------
     _______. _______ .______       _______ .__   __.  __  .___________.____    ____ 
    /       ||   ____||   _  \     |   ____||  \ |  | |  | |           |\   \  /   / 
   |   (----`|  |__   |  |_)  |    |  |__   |   \|  | |  | `---|  |----` \   \/   /  
    \   \    |   __|  |      /     |   __|  |  . `  | |  |     |  |       \_    _/   
.----)   |   |  |____ |  |\  \----.|  |____ |  |\   | |  |     |  |         |  |     
|_______/    |_______|| _| `._____||_______||__| \__| |__|     |__|         |__|    
                                                                                     
 News and tutorials at http://www.serenity-bdd.info                                  
 Documentation at https://wakaleo.gitbooks.io/the-serenity-book/content/             
 Join the Serenity Community on Rocket Chat at https://serenity-bdd.rocket.chat      
 Serenity BDD Support and Training at http://serenity-bdd.info/#/trainingandsupport  
 Learn Serenity BDD online at http://serenity-dojo.com                               
-------------------------------------------------------------------------------------

[Test worker] INFO net.thucydides.core.steps.ConsoleLoggingListener - Test Suite Started: Proceso de agendamiento de servicios
[Test worker] INFO net.thucydides.core.steps.ConsoleLoggingListener - Test Suite Started: Proceso de agendamiento de servicios
[Test worker] WARN net.thucydides.core.steps.BaseStepListener - testStarted: Crear una orden de servicio desde el call center/proceso-de-agendamiento-de-servicios;crear-una-orden-de-servicio-desde-el-call-center
[Test worker] INFO net.thucydides.core.steps.ConsoleLoggingListener - 
 _____ _____ ____ _____   ____ _____  _    ____ _____ _____ ____  
|_   _| ____/ ___|_   _| / ___|_   _|/ \  |  _ \_   _| ____|  _ \ 
  | | |  _| \___ \ | |   \___ \ | | / _ \ | |_) || | |  _| | | | |
  | | | |___ ___) || |    ___) || |/ ___ \|  _ < | | | |___| |_| |
  |_| |_____|____/ |_|   |____/ |_/_/   \_\_| \_\|_| |_____|____/ 
                                                                  

TEST STARTED: Crear una orden de servicio desde el call center
-------------------------------------------------------------------(proceso-de-agendamiento-de-servicios;crear-una-orden-de-servicio-desde-el-call-center)
[Test worker] WARN net.thucydides.core.steps.BaseStepListener - stepStarted: net.thucydides.core.steps.ExecutedStepDescription@740abb5
[pool-2-thread-1] INFO net.thucydides.core.requirements.PackageRequirementsTagProvider - Loading requirements from package requirements at: net.thucydides.showcase.cucumber.junit
]]></system-err>
</testsuite>
